2022-12-09 09:48:42,874 - root - INFO - ---测试开始----
2022-12-09 09:48:42,874 - root - INFO - 输入密码
2022-12-09 09:48:42,874 - root - WARNING - ----测试结束----
2022-12-09 09:57:32,761 - root - INFO - 获取结果：获取成功
2022-12-09 10:05:09,534 - root - INFO - 获取结果：获取成功
2022-12-09 10:05:09,543 - root - INFO - 获取结果：创建失败
2022-12-09 10:05:22,872 - root - INFO - 获取结果：获取成功
2022-12-09 10:05:22,882 - root - INFO - 获取结果：创建失败
2022-12-09 10:07:32,865 - root - INFO - 获取结果：获取成功
2022-12-09 10:07:32,876 - root - INFO - 获取结果：创建失败
2022-12-09 10:08:05,858 - root - INFO - 获取结果：获取成功
2022-12-09 10:08:05,869 - root - INFO - 获取结果：创建成功
2022-12-09 16:28:28,459 - root - INFO - 获取结果：获取成功
2022-12-09 16:28:28,477 - root - INFO - 获取结果：创建成功
2022-12-09 16:35:58,373 - root - INFO - 获取结果：获取成功
2022-12-09 16:35:58,387 - root - INFO - 获取结果：创建成功
2022-12-09 16:39:13,417 - root - INFO - 获取结果：获取成功
2022-12-09 16:39:13,427 - root - INFO - 获取结果：Address值不能为空
2022-12-09 16:40:09,827 - root - INFO - 获取结果：获取成功
2022-12-09 16:40:09,840 - root - INFO - 获取结果：Address值不能为空
2022-12-09 16:45:49,810 - root - INFO - 获取结果：获取成功
2022-12-09 16:46:19,222 - root - INFO - 获取结果：获取成功
2022-12-09 16:46:37,934 - root - INFO - 获取结果：获取成功
2022-12-09 16:46:44,659 - root - INFO - 获取结果：获取成功
2022-12-09 16:46:44,670 - root - INFO - 获取结果：Address值不能为空
2022-12-09 16:46:54,522 - root - INFO - 获取结果：获取成功
2022-12-09 16:46:54,534 - root - INFO - 获取结果：Address值不能为空
2022-12-09 16:47:46,591 - root - INFO - 获取结果：获取成功
2022-12-09 16:48:17,509 - root - INFO - 获取结果：获取成功
2022-12-09 16:50:40,007 - root - INFO - 获取结果：创建成功
2022-12-09 16:51:30,504 - root - INFO - 获取结果：获取成功
2022-12-09 16:51:30,515 - root - INFO - 获取结果：Address值不能为空
2022-12-09 16:52:08,111 - root - INFO - 获取结果：获取成功
2022-12-09 17:03:00,074 - root - INFO - 获取结果：创建成功
2022-12-09 17:10:28,487 - root - INFO - 获取结果：获取成功
2022-12-09 17:11:02,903 - root - INFO - 获取结果：获取成功
2022-12-09 17:11:23,799 - root - INFO - 获取结果：获取成功
2022-12-09 17:11:30,015 - root - INFO - 获取结果：获取成功
2022-12-09 17:11:43,448 - root - INFO - 获取结果：获取成功
2022-12-09 17:11:54,460 - root - INFO - 获取结果：获取成功
2022-12-09 17:12:00,477 - root - INFO - 获取结果：获取成功
2022-12-09 17:12:44,864 - root - INFO - 获取结果：获取成功
2022-12-09 17:13:38,823 - root - INFO - 获取结果：获取成功
2022-12-09 17:13:58,604 - root - INFO - 获取结果：获取成功
2022-12-09 17:14:08,932 - root - INFO - 获取结果：获取成功
2022-12-09 17:14:29,794 - root - INFO - 获取结果：获取成功
2022-12-09 17:14:45,155 - root - INFO - 获取结果：获取成功
2022-12-09 17:15:00,425 - root - INFO - 获取结果：获取成功
2022-12-09 17:15:27,074 - root - INFO - 获取结果：获取成功
2022-12-09 17:15:38,674 - root - INFO - 获取结果：获取成功
2022-12-09 17:16:02,327 - root - INFO - 获取结果：获取成功
2022-12-09 17:16:16,963 - root - INFO - 获取结果：获取成功
2022-12-09 17:17:17,201 - root - INFO - 获取结果：获取成功
2022-12-09 17:17:45,729 - root - INFO - 获取结果：获取成功
2022-12-09 17:22:00,395 - root - INFO - 获取结果：获取成功
