2023-02-06 15:19:38,496 - root - INFO - 获取登陆签名信息结果：{'code': 7, 'data': {}, 'msg': 'ID值不能为空'}
2023-02-06 15:19:51,105 - root - INFO - 获取登陆签名信息结果：{'code': 7, 'data': {}, 'msg': 'ID值不能为空'}
2023-02-06 15:20:20,722 - root - INFO - 获取登陆签名信息结果：{'code': 7, 'data': {}, 'msg': 'ID值不能为空'}
2023-02-06 15:20:54,506 - root - INFO - 获取登陆签名信息结果：{'code': 0, 'data': {'news': {'ID': 1, 'created_at': '2023-02-06T11:08:23.505446+08:00', 'NewsName': '重新编辑这篇文章的标题', 'NewsImg': 'uploads/file/backImg.jpg', 'NewsContent': '重新编辑这篇文章的内容', 'status': 0, 'class': 0, 'description': ''}}, 'msg': '获取成功'}
2023-02-06 15:51:51,477 - root - INFO - 获取登陆签名信息结果：{'code': 0, 'data': {'news': {'ID': 1, 'created_at': '2023-02-06T11:08:23.505446+08:00', 'NewsName': '重新编辑这篇文章的标题', 'NewsImg': 'uploads/file/backImg.jpg', 'NewsContent': '重新编辑这篇文章的内容', 'status': 0, 'class': 0, 'description': ''}}, 'msg': '获取成功'}
2023-02-06 15:51:58,136 - root - INFO - 获取登陆签名信息结果：{'code': 0, 'data': {'news': {'ID': 1, 'created_at': '2023-02-06T11:08:23.505446+08:00', 'NewsName': '重新编辑这篇文章的标题', 'NewsImg': 'uploads/file/backImg.jpg', 'NewsContent': '重新编辑这篇文章的内容', 'status': 0, 'class': 0, 'description': ''}}, 'msg': '获取成功'}
2023-02-06 15:52:10,169 - root - INFO - 获取登陆签名信息结果：获取成功
2023-02-06 15:52:35,932 - root - INFO - 获取文章内容：获取成功
2023-02-06 15:53:01,443 - root - INFO - 获取文章内容：获取成功
2023-02-06 15:54:54,560 - root - INFO - 获取文章内容：获取失败
2023-02-06 15:55:00,623 - root - INFO - 获取文章内容：获取成功
2023-02-06 16:01:08,504 - root - INFO - 获取文章内容：获取成功
2023-02-06 16:01:27,924 - root - INFO - 获取文章内容：获取成功
2023-02-06 16:01:29,246 - root - INFO - 获取文章内容：获取成功
2023-02-06 16:09:40,667 - root - INFO - 获取文章内容：获取成功
2023-02-06 16:09:55,708 - root - INFO - 获取文章内容：获取成功
2023-02-06 16:18:06,796 - root - INFO - 分页获取所有文章列表：Page值不能为空
2023-02-06 16:18:22,033 - root - INFO - 分页获取所有文章列表：获取成功
2023-02-06 16:26:06,331 - root - INFO - 获取最新创建的四条文章消息：获取成功
2023-02-06 16:26:18,985 - root - INFO - 获取最新创建的四条文章消息：重新编辑成功
2023-02-06 16:26:46,256 - root - INFO - 重新编辑一篇文章内容：重新编辑成功
2023-02-06 16:28:57,381 - root - INFO - 获取文章内容：获取成功位置为
2023-02-06 16:29:36,265 - root - INFO - 位置为获取文章内容：获取成功
2023-02-06 16:33:28,609 - root - INFO - 位置为:API.NewApi.getNewsInfo
获取文章内容：获取成功
2023-02-06 16:33:59,968 - root - INFO - 获取文章内容：获取成功
位置为:API.NewApi.getNewsInfo
2023-02-06 16:35:13,227 - root - INFO - 获取文章内容：获取成功
位置为:API.NewApi.getNewsInfo
2023-02-06 16:35:13,246 - root - INFO - 分页获取所有文章列表：获取成功
位置为:API.NewApi.getNewsInfo
2023-02-06 16:35:13,259 - root - INFO - 获取最新创建的四条文章消息：获取成功
位置为:API.NewApi.getNewsInfo
2023-02-06 16:35:13,272 - root - INFO - 重新编辑一篇文章内容：重新编辑成功
位置为:API.NewApi.getNewsInfo
2023-02-06 16:45:42,141 - root - INFO - 重新编辑一篇文章内容：新建成功
位置为:API.NewApi.getNewsInfo
2023-02-06 16:45:50,124 - root - INFO - 重新编辑一篇文章内容：新建成功
位置为:API.NewApi.getNewsInfo
2023-02-06 16:54:00,220 - root - INFO - 获取文章内容：获取失败
位置为:API.NewApi.getNewsInfo
2023-02-06 17:24:34,906 - root - INFO - 获取文章内容：获取成功
位置为:API.NewApi.getNewsInfo
2023-02-06 17:25:44,360 - root - INFO - 获取文章内容：获取成功
位置为:API.NewApi.getNewsInfo
