2023-02-08 09:09:41,336 - root - INFO - __________
位置为:1111111
2023-02-08 09:09:41,338 - root - INFO - __________
位置为:222222222222222
2023-02-08 09:09:59,888 - root - INFO - __________位置为:1111111
2023-02-08 09:09:59,890 - root - INFO - __________位置为:222222222222222
2023-02-08 09:15:55,484 - root - INFO - __________用例名称:1111111预期结果为：获取成功
2023-02-08 09:15:55,486 - root - INFO - __________用例名称:222222222222222预期结果为：获取成功
2023-02-08 09:16:07,381 - root - INFO - __________用例名称:1111111,预期结果为：获取成功
2023-02-08 09:16:07,382 - root - INFO - __________用例名称:222222222222222,预期结果为：获取成功
2023-02-08 09:16:23,813 - root - INFO - 用例名称:1111111,预期结果为：获取成功
2023-02-08 09:16:23,814 - root - INFO - 用例名称:222222222222222,预期结果为：获取成功
2023-02-08 10:38:20,913 - root - INFO - 获取文章内容：验证码获取成功
位置为:API.NewApi.getNewsInfo
2023-02-08 10:38:39,440 - root - INFO - 获取文章内容：验证码获取成功
位置为:API.NewApi.getNewsInfo
2023-02-08 10:38:52,647 - root - INFO - 获取文章内容：验证码获取成功
位置为:API.NewApi.getNewsInfo
2023-02-08 10:39:00,968 - root - INFO - 获取文章内容：验证码获取成功
位置为:API.NewApi.getNewsInfo
2023-02-08 10:39:43,275 - root - INFO - 获取文章内容：验证码获取成功
位置为:API.NewApi.getNewsInfo
2023-02-08 10:39:58,365 - root - INFO - 获取文章内容：验证码获取成功
位置为:API.NewApi.getNewsInfo
2023-02-08 10:40:26,509 - root - INFO - 获取文章内容：验证码获取成功
位置为:API.NewApi.getNewsInfo
2023-02-08 10:43:44,109 - root - INFO - 获取文章内容：验证码获取成功
位置为:API.NewApi.getNewsInfo
2023-02-08 10:46:13,366 - root - INFO - 获取文章内容：验证码获取成功
位置为:API.NewApi.getNewsInfo
2023-02-08 10:46:23,217 - root - INFO - 获取文章内容：验证码获取成功
位置为:API.NewApi.getNewsInfo
2023-02-08 10:46:49,167 - root - INFO - 获取文章内容：验证码获取成功
位置为:API.NewApi.getNewsInfo
2023-02-08 10:46:58,654 - root - INFO - 获取文章内容：验证码获取成功
位置为:API.NewApi.getNewsInfo
2023-02-08 10:47:30,541 - root - INFO - 获取文章内容：验证码获取成功
位置为:API.NewApi.getNewsInfo
2023-02-08 10:48:36,694 - root - INFO - 获取文章内容：验证码获取成功
位置为:API.NewApi.getNewsInfo
2023-02-08 10:49:08,902 - root - INFO - 获取文章内容：验证码获取成功
位置为:API.NewApi.getNewsInfo
2023-02-08 10:50:49,851 - root - INFO - 获取文章内容：验证码获取成功
位置为:API.NewApi.getNewsInfo
2023-02-08 10:51:42,741 - root - INFO - 获取文章内容：验证码获取成功
位置为:API.NewApi.getNewsInfo
2023-02-08 10:52:31,270 - root - INFO - 获取文章内容：验证码获取成功
位置为:API.NewApi.getNewsInfo
2023-02-08 10:52:38,446 - root - INFO - 获取文章内容：验证码获取成功
位置为:API.NewApi.getNewsInfo
2023-02-08 10:52:46,609 - root - INFO - 获取文章内容：验证码获取成功
位置为:API.NewApi.getNewsInfo
2023-02-08 10:53:30,895 - root - INFO - 获取文章内容：验证码获取成功
位置为:API.NewApi.getNewsInfo
2023-02-08 10:53:48,594 - root - INFO - 获取文章内容：验证码获取成功
位置为:API.NewApi.getNewsInfo
2023-02-08 10:53:58,903 - root - INFO - 获取文章内容：验证码获取成功
位置为:API.NewApi.getNewsInfo
2023-02-08 10:55:36,403 - root - INFO - 获取文章内容：验证码获取成功
位置为:API.NewApi.getNewsInfo
2023-02-08 10:56:13,019 - root - INFO - 获取文章内容：验证码获取成功
位置为:API.NewApi.getNewsInfo
2023-02-08 10:56:34,383 - root - INFO - 获取文章内容：验证码获取成功
位置为:API.NewApi.getNewsInfo
2023-02-08 10:56:50,329 - root - INFO - 获取文章内容：验证码获取成功
位置为:API.NewApi.getNewsInfo
2023-02-08 10:58:13,308 - root - INFO - 获取文章内容：验证码获取成功
位置为:API.NewApi.getNewsInfo
2023-02-08 10:58:40,124 - root - INFO - 获取文章内容：验证码获取成功
位置为:API.NewApi.getNewsInfo
2023-02-08 10:59:02,952 - root - INFO - 获取文章内容：验证码获取成功
位置为:API.NewApi.getNewsInfo
2023-02-08 10:59:21,453 - root - INFO - 获取文章内容：验证码获取成功
位置为:API.NewApi.getNewsInfo
2023-02-08 10:59:55,210 - root - INFO - 获取文章内容：验证码获取成功
位置为:API.NewApi.getNewsInfo
2023-02-08 11:00:20,431 - root - INFO - 获取文章内容：验证码获取成功
位置为:API.NewApi.getNewsInfo
2023-02-08 11:00:47,531 - root - INFO - 获取文章内容：验证码获取成功
位置为:API.NewApi.getNewsInfo
2023-02-08 11:00:57,574 - root - INFO - 获取文章内容：验证码获取成功
位置为:API.NewApi.getNewsInfo
2023-02-08 11:01:50,657 - root - INFO - 获取文章内容：验证码获取成功
位置为:API.NewApi.getNewsInfo
2023-02-08 11:12:19,788 - root - INFO - 获取文章内容：验证码获取成功
位置为:API.NewApi.getNewsInfo
2023-02-08 11:13:29,777 - root - INFO - 获取文章内容：验证码获取成功
位置为:API.NewApi.getNewsInfo
2023-02-08 11:13:41,411 - root - INFO - 获取文章内容：验证码获取成功
位置为:API.NewApi.getNewsInfo
2023-02-08 11:14:17,614 - root - INFO - 获取文章内容：验证码获取成功
位置为:API.NewApi.getNewsInfo
2023-02-08 11:14:28,315 - root - INFO - 获取文章内容：验证码获取成功
位置为:API.NewApi.getNewsInfo
2023-02-08 11:14:55,716 - root - INFO - 获取文章内容：验证码获取成功
位置为:API.NewApi.getNewsInfo
2023-02-08 11:15:09,283 - root - INFO - 获取文章内容：验证码获取成功
位置为:API.NewApi.getNewsInfo
2023-02-08 11:15:53,979 - root - INFO - 获取文章内容：验证码获取成功
位置为:API.NewApi.getNewsInfo
2023-02-08 11:16:10,608 - root - INFO - 获取文章内容：验证码获取成功
位置为:API.NewApi.getNewsInfo
2023-02-08 11:16:16,515 - root - INFO - 获取文章内容：验证码获取成功
位置为:API.NewApi.getNewsInfo
2023-02-08 11:16:18,526 - root - INFO - 获取文章内容：验证码获取成功
位置为:API.NewApi.getNewsInfo
2023-02-08 11:16:20,497 - root - INFO - 获取文章内容：验证码获取成功
位置为:API.NewApi.getNewsInfo
2023-02-08 11:17:26,563 - root - INFO - 获取文章内容：验证码获取成功
位置为:API.NewApi.getNewsInfo
2023-02-08 11:18:09,595 - root - INFO - 获取文章内容：验证码获取成功
位置为:API.NewApi.getNewsInfo
2023-02-08 11:18:28,161 - root - INFO - 获取文章内容：验证码获取成功
位置为:API.NewApi.getNewsInfo
2023-02-08 11:18:38,614 - root - INFO - 获取文章内容：验证码获取成功
位置为:API.NewApi.getNewsInfo
2023-02-08 11:18:50,583 - root - INFO - 获取文章内容：验证码获取成功
位置为:API.NewApi.getNewsInfo
2023-02-08 11:23:55,107 - root - INFO - 获取文章内容：验证码获取成功
位置为:API.NewApi.getNewsInfo
2023-02-08 11:24:07,218 - root - INFO - 获取文章内容：验证码获取成功
位置为:API.NewApi.getNewsInfo
2023-02-08 11:27:13,749 - root - INFO - 获取文章内容：验证码获取成功
位置为:API.NewApi.getNewsInfo
2023-02-08 11:27:26,322 - root - INFO - 获取文章内容：验证码获取成功
位置为:API.NewApi.getNewsInfo
2023-02-08 11:27:57,732 - root - INFO - 获取文章内容：验证码获取成功
位置为:API.NewApi.getNewsInfo
2023-02-08 11:28:20,490 - root - INFO - 获取文章内容：验证码获取成功
位置为:API.NewApi.getNewsInfo
2023-02-08 11:28:27,573 - root - INFO - 获取文章内容：验证码获取成功
位置为:API.NewApi.getNewsInfo
2023-02-08 11:28:29,494 - root - INFO - 获取文章内容：验证码获取成功
位置为:API.NewApi.getNewsInfo
2023-02-08 11:28:31,247 - root - INFO - 获取文章内容：验证码获取成功
位置为:API.NewApi.getNewsInfo
2023-02-08 11:28:32,584 - root - INFO - 获取文章内容：验证码获取成功
位置为:API.NewApi.getNewsInfo
2023-02-08 11:28:34,291 - root - INFO - 获取文章内容：验证码获取成功
位置为:API.NewApi.getNewsInfo
2023-02-08 11:30:05,521 - root - INFO - 验证码获取成功：验证码获取成功

2023-02-08 11:30:19,690 - root - INFO - 验证码获取成功：%s

2023-02-08 11:30:27,630 - root - INFO - 验证码获取成功

2023-02-08 11:30:34,944 - root - INFO - 验证码获取成功

2023-02-08 11:30:56,397 - root - INFO - 验证码获取成功

2023-02-08 11:30:56,573 - root - INFO - 登录成功

2023-02-08 11:31:12,351 - root - INFO - 验证码获取成功
2023-02-08 11:31:12,539 - root - INFO - 登录成功
2023-02-08 11:31:17,476 - root - INFO - 验证码获取成功
2023-02-08 11:31:17,642 - root - INFO - 登录成功
2023-02-08 14:44:58,007 - root - INFO - 验证码获取成功
2023-02-08 14:46:20,023 - root - INFO - 验证码获取成功
2023-02-08 14:46:37,223 - root - INFO - 验证码获取成功
2023-02-08 14:46:37,404 - root - INFO - 登录成功
2023-02-08 14:46:50,606 - root - INFO - 验证码获取成功
2023-02-08 14:46:57,944 - root - INFO - 验证码获取成功
2023-02-08 14:47:19,809 - root - INFO - 验证码获取成功
2023-02-08 14:47:19,982 - root - INFO - 登录成功
2023-02-08 14:47:27,738 - root - INFO - 验证码获取成功
2023-02-08 14:47:27,950 - root - INFO - 登录成功
2023-02-08 14:48:24,971 - root - INFO - 验证码获取成功
2023-02-08 14:48:26,151 - root - INFO - 登录成功
2023-02-08 14:48:30,024 - root - INFO - 验证码获取成功
2023-02-08 14:48:38,435 - root - INFO - 验证码获取成功
2023-02-08 14:48:41,185 - root - INFO - 验证码获取成功
2023-02-08 14:48:42,393 - root - INFO - 登录成功
2023-02-08 14:48:58,274 - root - INFO - 验证码获取成功
2023-02-08 14:48:59,453 - root - INFO - 登录成功
2023-02-08 14:50:24,668 - root - INFO - 验证码获取成功
2023-02-08 14:50:47,855 - root - INFO - 验证码获取成功
2023-02-08 14:50:49,041 - root - INFO - 登录成功
2023-02-08 14:50:52,112 - root - INFO - 验证码获取成功
2023-02-08 14:50:53,277 - root - INFO - 登录成功
2023-02-08 14:50:57,038 - root - INFO - 验证码获取成功
2023-02-08 14:50:58,256 - root - INFO - 登录成功
2023-02-08 14:51:00,976 - root - INFO - 验证码获取成功
2023-02-08 14:51:02,131 - root - INFO - 登录成功
2023-02-08 14:51:04,063 - root - INFO - 验证码获取成功
2023-02-08 14:51:05,269 - root - INFO - 登录成功
2023-02-08 14:55:24,632 - root - INFO - 验证码获取成功
2023-02-08 14:55:25,810 - root - INFO - 登录成功
2023-02-08 14:55:30,273 - root - INFO - 验证码获取成功
2023-02-08 14:55:31,485 - root - INFO - 登录成功
2023-02-08 14:55:48,113 - root - INFO - 验证码获取成功
2023-02-08 14:55:48,794 - root - INFO - 登录成功
2023-02-08 14:55:52,307 - root - INFO - 验证码获取成功
2023-02-08 14:55:52,980 - root - INFO - 登录成功
2023-02-08 15:45:33,277 - root - INFO - 验证码获取成功
2023-02-08 15:45:33,938 - root - INFO - 登录成功
2023-02-08 15:49:13,412 - root - INFO - 验证码获取成功
2023-02-08 15:49:14,089 - root - INFO - 登录成功
2023-02-08 15:51:00,279 - root - INFO - 验证码获取成功
2023-02-08 15:51:00,962 - root - INFO - 登录成功
2023-02-08 15:52:52,593 - root - INFO - 验证码获取成功
2023-02-08 15:52:53,279 - root - INFO - 登录成功
2023-02-08 15:53:25,897 - root - INFO - 验证码获取成功
2023-02-08 15:53:26,601 - root - INFO - 登录成功
2023-02-08 15:55:16,647 - root - INFO - 验证码获取成功
2023-02-08 15:55:17,338 - root - INFO - 登录成功
2023-02-08 15:56:50,080 - root - INFO - 验证码获取成功
2023-02-08 15:57:13,763 - root - INFO - 验证码获取成功
2023-02-08 15:57:21,348 - root - INFO - 验证码获取成功
2023-02-08 15:59:47,504 - root - INFO - 验证码获取成功
2023-02-08 16:00:20,589 - root - INFO - 验证码获取成功
2023-02-08 16:00:32,193 - root - INFO - 验证码获取成功
2023-02-08 16:02:33,352 - root - INFO - 验证码获取成功
2023-02-08 16:02:52,014 - root - INFO - 验证码获取成功
2023-02-08 16:02:55,698 - root - INFO - 验证码获取成功
2023-02-08 16:02:58,130 - root - INFO - 验证码获取成功
2023-02-08 16:03:01,209 - root - INFO - 验证码获取成功
2023-02-08 16:03:03,500 - root - INFO - 验证码获取成功
2023-02-08 16:03:19,148 - root - INFO - 验证码获取成功
2023-02-08 16:03:19,842 - root - INFO - 登录成功
2023-02-08 16:03:34,049 - root - INFO - 验证码获取成功
2023-02-08 16:03:43,467 - root - INFO - 验证码获取成功
2023-02-08 16:03:44,165 - root - INFO - 登录成功
2023-02-08 16:05:04,309 - root - INFO - 验证码获取成功
2023-02-08 16:05:05,000 - root - INFO - 登录成功
2023-02-08 16:05:16,927 - root - INFO - 验证码获取成功
2023-02-08 16:05:17,612 - root - INFO - 登录成功
2023-02-08 16:06:54,668 - root - INFO - 验证码获取成功
2023-02-08 16:06:55,356 - root - INFO - 登录成功
2023-02-08 16:06:57,474 - root - INFO - 验证码获取成功
2023-02-08 16:06:58,162 - root - INFO - 登录成功
2023-02-08 16:07:00,286 - root - INFO - 验证码获取成功
2023-02-08 16:10:40,122 - root - INFO - 验证码获取成功
2023-02-08 16:10:40,815 - root - INFO - 登录成功
2023-02-08 16:12:22,618 - root - INFO - 验证码获取成功
2023-02-08 16:12:29,481 - root - INFO - 验证码获取成功
2023-02-08 16:19:53,574 - root - INFO - 验证码获取成功
2023-02-08 16:19:59,226 - root - INFO - 验证码获取成功
2023-02-08 16:20:40,335 - root - INFO - 验证码获取成功
2023-02-08 16:20:43,669 - root - INFO - 验证码获取成功
2023-02-08 16:20:44,371 - root - INFO - 登录成功
2023-02-08 16:21:04,635 - root - INFO - 验证码获取成功
2023-02-08 16:21:05,345 - root - INFO - 验证码获取成功
2023-02-08 16:21:05,346 - root - INFO - 登录成功
2023-02-08 16:21:27,847 - root - INFO - 验证码获取成功
2023-02-08 16:21:28,550 - root - INFO - 验证码获取成功
2023-02-08 16:21:28,613 - root - INFO - 登录成功
2023-02-08 16:22:42,950 - root - INFO - 验证码获取成功
2023-02-08 16:22:47,573 - root - INFO - 验证码获取成功
2023-02-08 16:22:48,285 - root - INFO - 登录成功
2023-02-08 16:23:52,691 - root - INFO - 验证码获取成功
2023-02-08 16:23:53,375 - root - INFO - 登录成功
2023-02-08 16:23:55,125 - root - INFO - 验证码获取成功
2023-02-08 16:23:55,802 - root - INFO - 登录成功
2023-02-08 16:23:57,250 - root - INFO - 验证码获取成功
2023-02-08 16:23:57,916 - root - INFO - 登录成功
2023-02-08 16:23:59,424 - root - INFO - 验证码获取成功
2023-02-08 16:24:00,137 - root - INFO - 登录成功
2023-02-08 16:24:02,036 - root - INFO - 验证码获取成功
2023-02-08 16:24:02,694 - root - INFO - 登录成功
2023-02-08 16:24:04,373 - root - INFO - 验证码获取成功
2023-02-08 16:24:05,036 - root - INFO - 登录成功
2023-02-08 16:24:06,889 - root - INFO - 验证码获取成功
2023-02-08 16:27:18,430 - root - INFO - 验证码获取成功
2023-02-08 16:27:21,167 - root - INFO - 验证码获取成功
2023-02-08 16:33:19,740 - root - INFO - 验证码获取成功
2023-02-08 16:35:19,381 - root - INFO - 验证码获取成功
2023-02-08 16:36:06,521 - root - INFO - 验证码获取成功
2023-02-08 16:36:57,887 - root - INFO - 验证码获取成功
2023-02-08 16:37:33,164 - root - INFO - 验证码获取成功
2023-02-08 16:38:10,345 - root - INFO - 验证码获取成功
2023-02-08 16:38:55,805 - root - INFO - 验证码获取成功
2023-02-08 16:39:13,180 - root - INFO - 验证码获取成功
2023-02-08 16:39:13,276 - root - INFO - 验证码获取成功
2023-02-08 16:39:17,014 - root - INFO - 验证码获取成功
2023-02-08 16:39:19,939 - root - INFO - 验证码获取成功
2023-02-08 16:39:22,151 - root - INFO - 验证码获取成功
2023-02-08 16:39:23,219 - root - INFO - 验证码获取成功
2023-02-08 16:39:23,355 - root - INFO - 验证码获取成功
2023-02-08 16:39:47,016 - root - INFO - 验证码获取成功
2023-02-08 16:39:47,131 - root - INFO - 验证码获取成功
2023-02-08 16:39:47,216 - root - INFO - 验证码获取成功
2023-02-08 16:39:57,098 - root - INFO - 验证码获取成功
2023-02-08 16:40:01,853 - root - INFO - 验证码获取成功
2023-02-08 16:41:28,606 - root - INFO - 验证码获取成功
