2023-01-28 09:16:25,317 - root - INFO - 获取登陆签名信息结果：获取成功
2023-01-28 09:16:25,881 - root - INFO - 校验登陆签名结果：获取成功
2023-01-28 09:22:47,085 - root - INFO - 获取登陆签名信息结果：获取成功
2023-01-28 09:22:47,540 - root - INFO - 校验登陆签名结果：获取成功
2023-01-28 09:38:05,599 - root - INFO - 获取登陆签名信息结果：获取成功
2023-01-28 09:38:05,618 - root - INFO - 获取登陆签名信息结果：获取成功
2023-01-28 09:38:06,086 - root - INFO - 校验登陆签名结果：获取成功
2023-01-28 09:38:06,109 - root - INFO - 获取登陆签名信息结果：address error
2023-01-28 09:38:06,128 - root - INFO - 获取登陆签名信息结果：address error
2023-01-28 09:38:06,145 - root - INFO - 获取登陆签名信息结果：address error
2023-01-28 09:38:06,170 - root - INFO - 获取登陆签名信息结果：获取成功
2023-01-28 09:38:06,195 - root - INFO - 校验登陆签名结果：签名校验失败
2023-01-28 09:38:53,699 - root - INFO - 获取结果：授权已过期或非法访问1
2023-01-28 10:25:55,287 - root - INFO - 获取登陆签名信息结果：获取成功
2023-01-28 10:25:55,827 - root - INFO - 校验登陆签名结果：获取成功
2023-01-28 10:28:30,034 - root - INFO - 获取登陆签名信息结果：获取成功
2023-01-28 10:28:30,477 - root - INFO - 校验登陆签名结果：获取成功
2023-01-28 10:30:25,545 - root - INFO - 获取登陆签名信息结果：获取成功
2023-01-28 10:30:25,993 - root - INFO - 校验登陆签名结果：获取成功
2023-01-28 16:09:53,091 - root - INFO - 获取登陆签名信息结果：获取成功
2023-01-28 16:09:53,596 - root - INFO - 校验登陆签名结果：获取成功
