2023-02-07 14:45:53,139 - root - INFO - 获取文章内容：ID值不能为空
位置为:API.NewApi.getNewsInfo
2023-02-07 14:45:53,149 - root - INFO - 获取文章内容：ID值不能为空
位置为:API.NewApi.getNewsInfo
2023-02-07 14:45:53,159 - root - INFO - 获取文章内容：ID值不能为空
位置为:API.NewApi.getNewsInfo
2023-02-07 14:47:12,273 - root - INFO - 获取文章内容：ID值不能为空
位置为:API.NewApi.getNewsInfo
2023-02-07 14:47:23,478 - root - INFO - 获取文章内容：ID值不能为空
位置为:API.NewApi.getNewsInfo
2023-02-07 14:47:27,511 - root - INFO - 获取文章内容：ID值不能为空
位置为:API.NewApi.getNewsInfo
2023-02-07 14:47:40,742 - root - INFO - 获取文章内容：ID值不能为空
位置为:API.NewApi.getNewsInfo
2023-02-07 14:47:49,926 - root - INFO - 获取文章内容：ID值不能为空
位置为:API.NewApi.getNewsInfo
2023-02-07 14:47:53,717 - root - INFO - 获取文章内容：ID值不能为空
位置为:API.NewApi.getNewsInfo
2023-02-07 14:47:59,568 - root - INFO - 获取文章内容：ID值不能为空
位置为:API.NewApi.getNewsInfo
2023-02-07 14:52:49,915 - root - INFO - 获取文章内容：ID值不能为空
位置为:API.NewApi.getNewsInfo
2023-02-07 14:52:49,927 - root - INFO - 获取文章内容：ID值不能为空
位置为:API.NewApi.getNewsInfo
2023-02-07 14:52:49,937 - root - INFO - 获取文章内容：ID值不能为空
位置为:API.NewApi.getNewsInfo
2023-02-07 14:54:31,421 - root - INFO - 获取文章内容：ID值不能为空
位置为:API.NewApi.getNewsInfo
2023-02-07 14:54:31,432 - root - INFO - 获取文章内容：ID值不能为空
位置为:API.NewApi.getNewsInfo
2023-02-07 14:54:31,442 - root - INFO - 获取文章内容：ID值不能为空
位置为:API.NewApi.getNewsInfo
2023-02-07 15:07:19,884 - root - INFO - 分页获取所有文章列表：获取成功
位置为:API.NewApi.getNewsList
2023-02-07 15:09:25,177 - root - INFO - 获取文章内容：ID值不能为空
位置为:API.NewApi.getNewsInfo
2023-02-07 15:09:25,187 - root - INFO - 获取文章内容：ID值不能为空
位置为:API.NewApi.getNewsInfo
2023-02-07 15:09:25,196 - root - INFO - 获取文章内容：ID值不能为空
位置为:API.NewApi.getNewsInfo
2023-02-07 15:09:51,079 - root - INFO - 获取文章内容：ID值不能为空
位置为:API.NewApi.getNewsInfo
2023-02-07 15:09:51,093 - root - INFO - 获取文章内容：ID值不能为空
位置为:API.NewApi.getNewsInfo
2023-02-07 15:09:51,102 - root - INFO - 获取文章内容：ID值不能为空
位置为:API.NewApi.getNewsInfo
2023-02-07 15:10:44,172 - root - INFO - 分页获取所有文章列表：获取成功
位置为:API.NewApi.getNewsList
2023-02-07 15:10:44,188 - root - INFO - 分页获取所有文章列表：获取成功
位置为:API.NewApi.getNewsList
2023-02-07 15:10:44,200 - root - INFO - 分页获取所有文章列表：获取成功
位置为:API.NewApi.getNewsList
2023-02-07 15:10:59,799 - root - INFO - 获取文章内容：ID值不能为空
位置为:API.NewApi.getNewsInfo
2023-02-07 15:10:59,811 - root - INFO - 获取文章内容：ID值不能为空
位置为:API.NewApi.getNewsInfo
2023-02-07 15:10:59,821 - root - INFO - 获取文章内容：ID值不能为空
位置为:API.NewApi.getNewsInfo
2023-02-07 15:10:59,833 - root - INFO - 分页获取所有文章列表：获取成功
位置为:API.NewApi.getNewsList
2023-02-07 15:10:59,850 - root - INFO - 分页获取所有文章列表：获取成功
位置为:API.NewApi.getNewsList
2023-02-07 15:10:59,867 - root - INFO - 分页获取所有文章列表：获取成功
位置为:API.NewApi.getNewsList
2023-02-07 15:11:26,332 - root - INFO - 获取文章内容：ID值不能为空
位置为:API.NewApi.getNewsInfo
2023-02-07 15:11:26,347 - root - INFO - 获取文章内容：ID值不能为空
位置为:API.NewApi.getNewsInfo
2023-02-07 15:11:26,356 - root - INFO - 获取文章内容：ID值不能为空
位置为:API.NewApi.getNewsInfo
2023-02-07 15:11:26,369 - root - INFO - 分页获取所有文章列表：获取成功
位置为:API.NewApi.getNewsList
2023-02-07 15:11:26,378 - root - INFO - 分页获取所有文章列表：Page值不能为空
位置为:API.NewApi.getNewsList
2023-02-07 15:11:26,388 - root - INFO - 分页获取所有文章列表：获取成功
位置为:API.NewApi.getNewsList
2023-02-07 15:11:58,053 - root - INFO - 获取文章内容：ID值不能为空
位置为:API.NewApi.getNewsInfo
2023-02-07 15:11:58,063 - root - INFO - 获取文章内容：ID值不能为空
位置为:API.NewApi.getNewsInfo
2023-02-07 15:11:58,074 - root - INFO - 获取文章内容：ID值不能为空
位置为:API.NewApi.getNewsInfo
2023-02-07 15:11:58,085 - root - INFO - 分页获取所有文章列表：获取成功
位置为:API.NewApi.getNewsList
2023-02-07 15:11:58,095 - root - INFO - 分页获取所有文章列表：Page值不能为空
位置为:API.NewApi.getNewsList
2023-02-07 15:11:58,220 - root - INFO - 分页获取所有文章列表：PageSize值不能为空
位置为:API.NewApi.getNewsList
2023-02-07 15:12:08,638 - root - INFO - 获取文章内容：ID值不能为空
位置为:API.NewApi.getNewsInfo
2023-02-07 15:12:08,647 - root - INFO - 获取文章内容：ID值不能为空
位置为:API.NewApi.getNewsInfo
2023-02-07 15:12:08,759 - root - INFO - 获取文章内容：ID值不能为空
位置为:API.NewApi.getNewsInfo
2023-02-07 15:12:08,769 - root - INFO - 分页获取所有文章列表：获取成功
位置为:API.NewApi.getNewsList
2023-02-07 15:12:08,779 - root - INFO - 分页获取所有文章列表：Page值不能为空
位置为:API.NewApi.getNewsList
2023-02-07 15:12:08,789 - root - INFO - 分页获取所有文章列表：PageSize值不能为空
位置为:API.NewApi.getNewsList
2023-02-07 15:12:15,701 - root - INFO - 获取文章内容：ID值不能为空
位置为:API.NewApi.getNewsInfo
2023-02-07 15:12:15,711 - root - INFO - 获取文章内容：ID值不能为空
位置为:API.NewApi.getNewsInfo
2023-02-07 15:12:15,721 - root - INFO - 获取文章内容：ID值不能为空
位置为:API.NewApi.getNewsInfo
2023-02-07 15:12:15,734 - root - INFO - 分页获取所有文章列表：获取成功
位置为:API.NewApi.getNewsList
2023-02-07 15:12:15,745 - root - INFO - 分页获取所有文章列表：Page值不能为空
位置为:API.NewApi.getNewsList
2023-02-07 15:12:15,755 - root - INFO - 分页获取所有文章列表：PageSize值不能为空
位置为:API.NewApi.getNewsList
2023-02-07 15:12:52,239 - root - INFO - 获取文章内容：ID值不能为空
位置为:API.NewApi.getNewsInfo
2023-02-07 15:12:52,249 - root - INFO - 获取文章内容：ID值不能为空
位置为:API.NewApi.getNewsInfo
2023-02-07 15:12:52,261 - root - INFO - 获取文章内容：ID值不能为空
位置为:API.NewApi.getNewsInfo
2023-02-07 15:12:52,273 - root - INFO - 分页获取所有文章列表：获取成功
位置为:API.NewApi.getNewsList
2023-02-07 15:12:52,282 - root - INFO - 分页获取所有文章列表：Page值不能为空
位置为:API.NewApi.getNewsList
2023-02-07 15:12:52,293 - root - INFO - 分页获取所有文章列表：PageSize值不能为空
位置为:API.NewApi.getNewsList
2023-02-07 16:01:58,392 - root - INFO - 分页获取所有文章列表：获取成功
位置为:API.NewApi.getNewsList
